c:\users\fectum\desktop\snhu\cs 330\week 4\4-5-milestone\openglsample\debug\vc143.pdb
c:\users\fectum\desktop\snhu\cs 330\week 4\4-5-milestone\openglsample\debug\vc143.idb
c:\users\fectum\desktop\snhu\cs 330\week 4\4-5-milestone\openglsample\debug\vertexbufferobject.obj
c:\users\fectum\desktop\snhu\cs 330\week 4\4-5-milestone\openglsample\debug\vboindexer.obj
c:\users\fectum\desktop\snhu\cs 330\week 4\4-5-milestone\openglsample\debug\texture.obj
c:\users\fectum\desktop\snhu\cs 330\week 4\4-5-milestone\openglsample\debug\staticmeshindexed3d.obj
c:\users\fectum\desktop\snhu\cs 330\week 4\4-5-milestone\openglsample\debug\staticmesh3d.obj
c:\users\fectum\desktop\snhu\cs 330\week 4\4-5-milestone\openglsample\debug\source.obj
c:\users\fectum\desktop\snhu\cs 330\week 4\4-5-milestone\openglsample\debug\shapegenerator.obj
c:\users\fectum\desktop\snhu\cs 330\week 4\4-5-milestone\openglsample\debug\shader.obj
c:\users\fectum\desktop\snhu\cs 330\week 4\4-5-milestone\openglsample\debug\cylinder.obj
c:\users\fectum\desktop\snhu\cs 330\week 4\4-5-milestone\openglsample\debug\glad.obj
c:\users\fectum\desktop\snhu\cs 330\week 5\5-3 assignment\openglsample\debug\vc143.pdb
c:\users\fectum\desktop\snhu\cs 330\week 5\5-3 assignment\openglsample\debug\vc143.idb
c:\users\fectum\desktop\snhu\cs 330\week 5\5-3 assignment\openglsample\debug\vertexbufferobject.obj
c:\users\fectum\desktop\snhu\cs 330\week 5\5-3 assignment\openglsample\debug\vboindexer.obj
c:\users\fectum\desktop\snhu\cs 330\week 5\5-3 assignment\openglsample\debug\texture.obj
c:\users\fectum\desktop\snhu\cs 330\week 5\5-3 assignment\openglsample\debug\staticmeshindexed3d.obj
c:\users\fectum\desktop\snhu\cs 330\week 5\5-3 assignment\openglsample\debug\staticmesh3d.obj
c:\users\fectum\desktop\snhu\cs 330\week 5\5-3 assignment\openglsample\debug\source.obj
c:\users\fectum\desktop\snhu\cs 330\week 5\5-3 assignment\openglsample\debug\shapegenerator.obj
c:\users\fectum\desktop\snhu\cs 330\week 5\5-3 assignment\openglsample\debug\shader.obj
c:\users\fectum\desktop\snhu\cs 330\week 5\5-3 assignment\openglsample\debug\cylinder.obj
c:\users\fectum\desktop\snhu\cs 330\week 5\5-3 assignment\openglsample\debug\glad.obj
c:\users\fectum\desktop\snhu\cs 330\week 4\4-5-milestone\openglsample\debug\4-5-assignment.ilk
c:\users\fectum\desktop\snhu\cs 330\week 4\4-5-milestone\debug\4-5-assignment.exe
c:\users\fectum\desktop\snhu\cs 330\week 4\4-5-milestone\debug\4-5-assignment.pdb
c:\users\fectum\desktop\snhu\cs 330\week 5\5-3 assignment\debug\4-5-assignment.exe
c:\users\fectum\desktop\snhu\cs 330\week 5\5-3 assignment\openglsample\debug\4-5-assignment.ilk
c:\users\fectum\desktop\snhu\cs 330\week 5\5-3 assignment\debug\4-5-assignment.pdb
c:\users\fectum\desktop\snhu\cs 330\week 5\5-3 assignment\openglsample\debug\3-5-assignment.ilk
c:\users\fectum\desktop\snhu\cs 330\week 5\5-3 assignment\openglsample\debug\openglsample.ilk
c:\users\fectum\desktop\snhu\cs 330\week 5\5-3 assignment\openglsample\debug\vc142.idb
c:\users\fectum\desktop\snhu\cs 330\week 5\5-3 assignment\openglsample\debug\vc142.pdb
c:\users\fectum\desktop\snhu\cs 330\week 5\5-3 assignment\openglsample\debug\4-5-assignment.tlog\cl.command.1.tlog
c:\users\fectum\desktop\snhu\cs 330\week 5\5-3 assignment\openglsample\debug\4-5-assignment.tlog\cl.read.1.tlog
c:\users\fectum\desktop\snhu\cs 330\week 5\5-3 assignment\openglsample\debug\4-5-assignment.tlog\cl.write.1.tlog
c:\users\fectum\desktop\snhu\cs 330\week 5\5-3 assignment\openglsample\debug\4-5-assignment.tlog\link.command.1.tlog
c:\users\fectum\desktop\snhu\cs 330\week 5\5-3 assignment\openglsample\debug\4-5-assignment.tlog\link.read.1.tlog
c:\users\fectum\desktop\snhu\cs 330\week 5\5-3 assignment\openglsample\debug\4-5-assignment.tlog\link.write.1.tlog
