C:\Program Files\Microsoft Visual Studio\2022\Community\MSBuild\Microsoft\VC\v170\Microsoft.CppBuild.targets(514,5): warning MSB8028: The intermediate directory (Debug\) contains files shared from another project (3-5-assignment.vcxproj, 4-5-assignment.vcxproj, 5-3-assignment.vcxproj, 5-5-milestone.vcxproj, 6-3-assignment.vcxproj, 6-5-milestone.vcxproj, OpenGLSample.vcxproj).  This can lead to incorrect clean and rebuild behavior.
  Source.cpp
C:\Users\Fectum\Desktop\snhu\cs 330\week 7\7-1-project\OpenGLSample\shader.h(57,34): warning C4101: 'e': unreferenced local variable
C:\Users\Fectum\Desktop\snhu\cs 330\week 7\7-1-project\OpenGLSample\Source.cpp(377,22): warning C4244: 'initializing': conversion from 'double' to 'float', possible loss of data
C:\Users\Fectum\Desktop\snhu\cs 330\week 7\7-1-project\OpenGLSample\Source.cpp(412,57): warning C4305: 'argument': truncation from 'double' to 'float'
C:\Users\Fectum\Desktop\snhu\cs 330\week 7\7-1-project\OpenGLSample\Source.cpp(413,58): warning C4305: 'argument': truncation from 'double' to 'float'
C:\Users\Fectum\Desktop\snhu\cs 330\week 7\7-1-project\OpenGLSample\Source.cpp(422,56): warning C4305: 'argument': truncation from 'double' to 'float'
C:\Users\Fectum\Desktop\snhu\cs 330\week 7\7-1-project\OpenGLSample\Source.cpp(423,60): warning C4305: 'argument': truncation from 'double' to 'float'
C:\Users\Fectum\Desktop\snhu\cs 330\week 7\7-1-project\OpenGLSample\Source.cpp(511,61): warning C4305: 'argument': truncation from 'double' to 'float'
C:\Users\Fectum\Desktop\snhu\cs 330\week 7\7-1-project\OpenGLSample\Source.cpp(529,60): warning C4305: 'argument': truncation from 'double' to 'float'
C:\Users\Fectum\Desktop\snhu\cs 330\week 7\7-1-project\OpenGLSample\Source.cpp(548,25): warning C4305: 'argument': truncation from 'double' to 'float'
C:\Users\Fectum\Desktop\snhu\cs 330\week 7\7-1-project\OpenGLSample\Source.cpp(566,61): warning C4305: 'argument': truncation from 'double' to 'float'
C:\Users\Fectum\Desktop\snhu\cs 330\week 7\7-1-project\OpenGLSample\Source.cpp(585,62): warning C4305: 'argument': truncation from 'double' to 'float'
C:\Users\Fectum\Desktop\snhu\cs 330\week 7\7-1-project\OpenGLSample\Source.cpp(715,64): warning C4305: 'argument': truncation from 'double' to 'float'
C:\Users\Fectum\Desktop\snhu\cs 330\week 7\7-1-project\OpenGLSample\Source.cpp(738,31): warning C4305: 'argument': truncation from 'double' to 'float'
C:\Users\Fectum\Desktop\snhu\cs 330\week 7\7-1-project\OpenGLSample\Source.cpp(756,69): warning C4305: 'argument': truncation from 'double' to 'float'
C:\Users\Fectum\Desktop\snhu\cs 330\week 7\7-1-project\OpenGLSample\Source.cpp(773,74): warning C4305: 'argument': truncation from 'double' to 'float'
C:\Users\Fectum\Desktop\snhu\cs 330\week 7\7-1-project\OpenGLSample\Source.cpp(786,73): warning C4305: 'argument': truncation from 'double' to 'float'
C:\Users\Fectum\Desktop\snhu\cs 330\week 7\7-1-project\OpenGLSample\Source.cpp(810,30): warning C4305: 'argument': truncation from 'double' to 'float'
C:\Users\Fectum\Desktop\snhu\cs 330\week 7\7-1-project\OpenGLSample\Source.cpp(218,15): warning C4101: 'lightCubeVBO': unreferenced local variable
C:\Users\Fectum\Desktop\snhu\cs 330\week 7\7-1-project\OpenGLSample\Source.cpp(369,8): warning C4101: 'angle': unreferenced local variable
C:\Users\Fectum\Desktop\snhu\cs 330\week 7\7-1-project\OpenGLSample\Source.cpp(878,11): warning C4244: '=': conversion from 'double' to 'float', possible loss of data
C:\Users\Fectum\Desktop\snhu\cs 330\week 7\7-1-project\OpenGLSample\Source.cpp(879,11): warning C4244: '=': conversion from 'double' to 'float', possible loss of data
C:\Users\Fectum\Desktop\snhu\cs 330\week 7\7-1-project\OpenGLSample\Source.cpp(883,16): warning C4244: 'initializing': conversion from 'double' to 'float', possible loss of data
C:\Users\Fectum\Desktop\snhu\cs 330\week 7\7-1-project\OpenGLSample\Source.cpp(884,16): warning C4244: 'initializing': conversion from 'double' to 'float', possible loss of data
C:\Users\Fectum\Desktop\snhu\cs 330\week 7\7-1-project\OpenGLSample\Source.cpp(886,10): warning C4244: '=': conversion from 'double' to 'float', possible loss of data
C:\Users\Fectum\Desktop\snhu\cs 330\week 7\7-1-project\OpenGLSample\Source.cpp(887,10): warning C4244: '=': conversion from 'double' to 'float', possible loss of data
C:\Users\Fectum\Desktop\snhu\cs 330\week 7\7-1-project\OpenGLSample\Source.cpp(897,28): warning C4244: 'argument': conversion from 'double' to 'float', possible loss of data
  OpenGLSample.vcxproj -> C:\Users\Fectum\Desktop\snhu\cs 330\week 7\7-1-project\Debug\7-1-project.exe
